# Logfile created on Sun Apr 19 13:10:45 +0900 2009 by /
LocalIndex: ensure_index_exists at /Users/galen/Sites/sa/index/development/share
rebuild index: [Share(id: integer, link: string, title: string, description: text, website: string, source: string, alternative_contact: string, active: boolean, user_id: integer, created_at: datetime, updated_at: datetime, license: string)]
reindexing model Share
reindex model Share : 0.00% complete : 0.85 secs to finish
LocalIndex: ensure_index_exists at /Users/galen/Sites/sa/index/development/share
LocalIndex: ensure_index_exists at /Users/galen/Sites/sa/index/development/share
query: source:esau license:esau alternative_contact:esau updated_at:esau title:esau link:esau website:esau active:esau description:esau user_id:esau created_at:esau
stored_fields: 
LocalIndex: ensure_index_exists at /Users/galen/Sites/sa/index/development/share
LocalIndex: ensure_index_exists at /Users/galen/Sites/sa/index/development/share
query: source:esau license:esau alternative_contact:esau updated_at:esau title:esau link:esau website:esau active:esau description:esau user_id:esau created_at:esau
stored_fields: 
LocalIndex: ensure_index_exists at /Users/galen/Sites/sa/index/development/share
LocalIndex: ensure_index_exists at /Users/galen/Sites/sa/index/development/share
query: source:esau license:esau alternative_contact:esau updated_at:esau title:esau link:esau website:esau active:esau description:esau user_id:esau created_at:esau
stored_fields: 
LocalIndex: ensure_index_exists at /Users/galen/Sites/sa/index/development/share
rebuild index: [Share(id: integer, link: string, title: string, description: text, website: string, source: string, alternative_contact: string, active: boolean, user_id: integer, created_at: datetime, updated_at: datetime, license: string)]
reindexing model Share
reindex model Share : 0.00% complete : 0.74 secs to finish
LocalIndex: ensure_index_exists at /Users/galen/Sites/sa/index/development/share
query: source:esau license:esau alternative_contact:esau updated_at:esau title:esau link:esau website:esau active:esau description:esau user_id:esau created_at:esau
stored_fields: 
LocalIndex: ensure_index_exists at /Users/galen/Sites/sa/index/development/share
LocalIndex: ensure_index_exists at /Users/galen/Sites/sa/index/development/share
query: source:esau license:esau alternative_contact:esau updated_at:esau title:esau link:esau website:esau active:esau description:esau user_id:esau created_at:esau
stored_fields: 
LocalIndex: ensure_index_exists at /Users/galen/Sites/sa/index/development/share
LocalIndex: ensure_index_exists at /Users/galen/Sites/sa/index/development/share
query: source:esau license:esau alternative_contact:esau updated_at:esau title:esau link:esau website:esau active:esau description:esau user_id:esau created_at:esau
stored_fields: 
LocalIndex: ensure_index_exists at /Users/galen/Sites/sa/index/development/share
LocalIndex: ensure_index_exists at /Users/galen/Sites/sa/index/development/share
LocalIndex: ensure_index_exists at /Users/galen/Sites/sa/index/development/share
query: description:paginate title:paginate
stored_fields: 
LocalIndex: ensure_index_exists at /Users/galen/Sites/sa/index/development/share
LocalIndex: ensure_index_exists at /Users/galen/Sites/sa/index/development/share
query: description:paginate title:paginate
stored_fields: 
LocalIndex: ensure_index_exists at /Users/galen/Sites/sa/index/development/share
LocalIndex: ensure_index_exists at /Users/galen/Sites/sa/index/development/share
LocalIndex: ensure_index_exists at /Users/galen/Sites/sa/index/development/share
query: title:esau description:esau
stored_fields: 
LocalIndex: ensure_index_exists at /Users/galen/Sites/sa/index/development/share
LocalIndex: ensure_index_exists at /Users/galen/Sites/sa/index/development/share
query: title:esau description:esau
stored_fields: 
LocalIndex: ensure_index_exists at /Users/galen/Sites/sa/index/development/share
LocalIndex: ensure_index_exists at /Users/galen/Sites/sa/index/development/share
query: title:esau description:esau
stored_fields: 
LocalIndex: ensure_index_exists at /Users/galen/Sites/sa/index/development/share
LocalIndex: ensure_index_exists at /Users/galen/Sites/sa/index/development/share
query: description:paginate title:paginate
stored_fields: 
LocalIndex: ensure_index_exists at /Users/galen/Sites/sa/index/development/share
LocalIndex: ensure_index_exists at /Users/galen/Sites/sa/index/development/share
query: description:paginate title:paginate
stored_fields: 
LocalIndex: ensure_index_exists at /Users/galen/Sites/sa/index/development/share
LocalIndex: ensure_index_exists at /Users/galen/Sites/sa/index/development/share
query: description:esau title:esau
stored_fields: 
LocalIndex: ensure_index_exists at /Users/galen/Sites/sa/index/development/share
LocalIndex: ensure_index_exists at /Users/galen/Sites/sa/index/development/share
query: description:esau title:esau
stored_fields: 
LocalIndex: ensure_index_exists at /Users/galen/Sites/sa/index/development/share
LocalIndex: ensure_index_exists at /Users/galen/Sites/sa/index/development/share
LocalIndex: ensure_index_exists at /Users/galen/Sites/sa/index/development/share
LocalIndex: ensure_index_exists at /Users/galen/Sites/sa/index/development/share
LocalIndex: ensure_index_exists at /Users/galen/Sites/sa/index/development/share
query: description:esau title:esau
stored_fields: 
LocalIndex: ensure_index_exists at /Users/galen/Sites/sa/index/development/share
LocalIndex: ensure_index_exists at /Users/galen/Sites/sa/index/development/share
LocalIndex: ensure_index_exists at /Users/galen/Sites/sa/index/development/share
LocalIndex: ensure_index_exists at /Users/galen/Sites/sa/index/development/share
LocalIndex: ensure_index_exists at /Users/galen/Sites/sa/index/development/share
LocalIndex: ensure_index_exists at /Users/galen/Sites/sa/index/development/share
LocalIndex: ensure_index_exists at /Users/galen/Sites/sa/index/development/share
LocalIndex: ensure_index_exists at /Users/galen/Sites/sa/index/development/share
query: description:esau title:esau
stored_fields: 
LocalIndex: ensure_index_exists at /Users/galen/Sites/sa/index/development/share
LocalIndex: ensure_index_exists at /Users/galen/Sites/sa/index/development/share
LocalIndex: ensure_index_exists at /Users/galen/Sites/sa/index/development/share
LocalIndex: ensure_index_exists at /Users/galen/Sites/sa/index/development/share
LocalIndex: ensure_index_exists at /Users/galen/Sites/sa/index/development/share
LocalIndex: ensure_index_exists at /Users/galen/Sites/sa/index/development/share
LocalIndex: ensure_index_exists at /Users/galen/Sites/sa/index/development/share
LocalIndex: ensure_index_exists at /Users/galen/Sites/sa/index/development/share
LocalIndex: ensure_index_exists at /Users/galen/Sites/sa/index/development/share
LocalIndex: ensure_index_exists at /Users/galen/Sites/sa/index/development/share
LocalIndex: ensure_index_exists at /Users/galen/Sites/sa/index/development/share
LocalIndex: ensure_index_exists at /Users/galen/Sites/sa/index/development/share
LocalIndex: ensure_index_exists at /Users/galen/Sites/sa/index/development/share
LocalIndex: ensure_index_exists at /Users/galen/Sites/sa/index/development/share
LocalIndex: ensure_index_exists at /Users/galen/Sites/sa/index/development/share
LocalIndex: ensure_index_exists at /Users/galen/Sites/sa/index/development/share
query: description:esau title:esau
stored_fields: 
LocalIndex: ensure_index_exists at /Users/galen/Sites/sa/index/development/share
LocalIndex: ensure_index_exists at /Users/galen/Sites/sa/index/development/share
query: description:esau title:esau
stored_fields: 
LocalIndex: ensure_index_exists at /Users/galen/Sites/sa/index/development/share
LocalIndex: ensure_index_exists at /Users/galen/Sites/sa/index/development/share
query: description:esau title:esau
stored_fields: 
LocalIndex: ensure_index_exists at /Users/galen/Sites/sa/index/development/share
LocalIndex: ensure_index_exists at /Users/galen/Sites/sa/index/development/share
query: description:paginate title:paginate
stored_fields: 
LocalIndex: ensure_index_exists at /Users/galen/Sites/sa/index/development/share
LocalIndex: ensure_index_exists at /Users/galen/Sites/sa/index/development/share
query: description:esau title:esau
stored_fields: 
LocalIndex: ensure_index_exists at /Users/galen/Sites/sa/index/development/share
LocalIndex: ensure_index_exists at /Users/galen/Sites/sa/index/development/share
query: description:esau title:esau
stored_fields: 
LocalIndex: ensure_index_exists at /Users/galen/Sites/sa/index/development/share
LocalIndex: ensure_index_exists at /Users/galen/Sites/sa/index/development/share
LocalIndex: ensure_index_exists at /Users/galen/Sites/sa/index/development/share
LocalIndex: ensure_index_exists at /Users/galen/Sites/sa/index/development/share
LocalIndex: ensure_index_exists at /Users/galen/Sites/sa/index/development/share
LocalIndex: ensure_index_exists at /Users/galen/Sites/sa/index/development/share
LocalIndex: ensure_index_exists at /Users/galen/Sites/sa/index/development/share
LocalIndex: ensure_index_exists at /Users/galen/Sites/sa/index/development/share
query: description:esau title:esau
stored_fields: 
LocalIndex: ensure_index_exists at /Users/galen/Sites/sa/index/development/share
LocalIndex: ensure_index_exists at /Users/galen/Sites/sa/index/development/share
query: description:esau title:esau
stored_fields: 
LocalIndex: ensure_index_exists at /Users/galen/Sites/sa/index/development/share
LocalIndex: ensure_index_exists at /Users/galen/Sites/sa/index/development/share
query: description:esau title:esau
stored_fields: 
LocalIndex: ensure_index_exists at /Users/galen/Sites/sa/index/development/share
LocalIndex: ensure_index_exists at /Users/galen/Sites/sa/index/development/share
query: description:esau title:esau
stored_fields: 
LocalIndex: ensure_index_exists at /Users/galen/Sites/sa/index/development/share
LocalIndex: ensure_index_exists at /Users/galen/Sites/sa/index/development/share
query: description:esau title:esau
stored_fields: 
LocalIndex: ensure_index_exists at /Users/galen/Sites/sa/index/development/share
LocalIndex: ensure_index_exists at /Users/galen/Sites/sa/index/development/share
query: description:esau title:esau
stored_fields: 
LocalIndex: ensure_index_exists at /Users/galen/Sites/sa/index/development/share
LocalIndex: ensure_index_exists at /Users/galen/Sites/sa/index/development/share
LocalIndex: ensure_index_exists at /Users/galen/Sites/sa/index/development/share
query: description:esau title:esau
stored_fields: 
